GroupAggregate  (cost=116522.44..132918.06 rows=655825 width=48)
  Group Key: (date_trunc('DAY'::text, dat_creation))
  ->  Sort  (cost=116522.44..118162.00 rows=655825 width=14)
        Sort Key: (date_trunc('DAY'::text, dat_creation))
        ->  Seq Scan on withdraw w  (cost=0.00..41949.56 rows=655825 width=14)
              Filter: ((dat_creation >= ((now() - '60 days'::interval))::timestamp without time zone) AND (dat_creation < ((now() - '1 day'::interval))::timestamp without time zone))
