Nested Loop  (cost=9.49..1319.97 rows=276 width=37)
  ->  Bitmap Heap Scan on items i  (cost=9.06..100.20 rows=23 width=37)
        Recheck Cond: (n = ANY ('{243477,997947}'::integer[]))
        ->  Bitmap Index Scan on n_index  (cost=0.00..9.05 rows=23 width=0)
              Index Cond: (n = ANY ('{243477,997947}'::integer[]))
  ->  GroupAggregate  (cost=0.43..52.79 rows=12 width=12)
        Group Key: items.n
        ->  Index Only Scan using n_index on items  (cost=0.43..52.64 rows=12 width=4)
              Index Cond: (n = i.n)
